<?xml version="1.0" encoding="UTF-8"?>
<!-- Generated by org.testng.reporters.JUnitXMLReporter -->
<testsuite ignored="0" hostname="DESKTOP-5SEMSTQ" failures="2" tests="2" name="Test" time="19.06" errors="0" timestamp="2024-02-22T23:45:24 IST">
  <testcase classname="testcases.testcases23" name="test" time="0.01">
    <failure type="java.lang.NullPointerException" message="Cannot invoke &amp;quot;org.openqa.selenium.WebDriver.findElement(org.openqa.selenium.By)&amp;quot; because &amp;quot;this.driver&amp;quot; is null">
      <![CDATA[java.lang.NullPointerException: Cannot invoke "org.openqa.selenium.WebDriver.findElement(org.openqa.selenium.By)" because "this.driver" is null
at testcases.testcases23.test(testcases23.java:19)
at java.base/java.util.ArrayList.forEach(ArrayList.java:1511)
... Removed 27 stack frames]]>
    </failure>
  </testcase> <!-- test -->
  <testcase classname="testcases.testcases23" name="signin" time="0.016">
    <failure type="java.io.FileNotFoundException" message="C:\eclipseworkse\cloudteslaproject\src\test\resources\testdata\Testdata2023.xlsx (The system cannot find the file specified)">
      <![CDATA[java.io.FileNotFoundException: C:\eclipseworkse\cloudteslaproject\src\test\resources\testdata\Testdata2023.xlsx (The system cannot find the file specified)
at java.base/java.io.FileInputStream.open0(Native Method)
at java.base/java.io.FileInputStream.open(FileInputStream.java:216)
at java.base/java.io.FileInputStream.<init>(FileInputStream.java:157)
at java.base/java.io.FileInputStream.<init>(FileInputStream.java:111)
at utilities.XLUtility.getRowCount(XLUtility.java:24)
at testcases.testcases23.signin(testcases23.java:57)
at java.base/java.util.ArrayList.forEach(ArrayList.java:1511)
... Removed 27 stack frames]]>
    </failure>
  </testcase> <!-- signin -->
</testsuite> <!-- Test -->
